<?xml version="1.0" encoding="UTF-8"?>
<robot generator="Robot 6.1 (Python 3.11.4 on darwin)" generated="20230712 18:07:26.670" rpa="false" schemaversion="4">
<suite id="s1" name="Demo-Su" source="/Users/odds/robot framwork/demo-su.robot">
<test id="s1-t1" name="ตรวจสอบการแสดงข้อมูลหน้าสร้างหัวข้อ &quot;About SU&quot; เมื่อไม่มีการกรอกข้อมูลมาก่อน" line="14">
<kw name="เปิดบาว์เซอร์ให้สำเร็จ">
<kw name="Open Browser" library="SeleniumLibrary">
<arg>${url}</arg>
<arg>${browser}</arg>
<doc>Opens a new browser instance to the optional ``url``.</doc>
<msg timestamp="20230712 18:07:26.807" level="INFO">Opening browser 'chrome' to base url 'https://smartplus-dev.su.ac.th/admin/auth'.</msg>
<msg timestamp="20230712 18:07:26.808" level="INFO">Executing: /Library/Frameworks/Python.framework/Versions/3.11/lib/python3.11/site-packages/selenium/webdriver/common/macos/selenium-manager --browser chrome --output json</msg>
<status status="PASS" starttime="20230712 18:07:26.806" endtime="20230712 18:07:29.565"/>
</kw>
<status status="PASS" starttime="20230712 18:07:26.806" endtime="20230712 18:07:29.565"/>
</kw>
<kw name="กดปุ่มล็อกอิน">
<kw name="Click Button" library="SeleniumLibrary">
<arg>xpath=${locatorForClickLogin}</arg>
<doc>Clicks the button identified by ``locator``.</doc>
<msg timestamp="20230712 18:07:29.568" level="INFO">Clicking button 'xpath=//*[@id="root"]/div/div[2]/div/div/div/div/div/button'.</msg>
<status status="PASS" starttime="20230712 18:07:29.566" endtime="20230712 18:07:29.720"/>
</kw>
<status status="PASS" starttime="20230712 18:07:29.566" endtime="20230712 18:07:29.720"/>
</kw>
<kw name="ใส่username">
<kw name="Wait Until Element Is Visible" library="SeleniumLibrary">
<arg>xpath=${locatorForInput}</arg>
<doc>Waits until the element ``locator`` is visible.</doc>
<status status="PASS" starttime="20230712 18:07:29.721" endtime="20230712 18:07:31.726"/>
</kw>
<kw name="Input Text" library="SeleniumLibrary">
<arg>xpath=${locatorForInput}</arg>
<arg>${username}</arg>
<doc>Types the given ``text`` into the text field identified by ``locator``.</doc>
<msg timestamp="20230712 18:07:31.727" level="INFO">Typing text 'pawutinan_s@su.ac.th' into text field 'xpath=//*[@id="i0116"]'.</msg>
<status status="PASS" starttime="20230712 18:07:31.726" endtime="20230712 18:07:31.890"/>
</kw>
<status status="PASS" starttime="20230712 18:07:29.720" endtime="20230712 18:07:31.890"/>
</kw>
<kw name="ClickNext">
<kw name="Click Button" library="SeleniumLibrary">
<arg>xpath=${clickNext}</arg>
<doc>Clicks the button identified by ``locator``.</doc>
<msg timestamp="20230712 18:07:31.891" level="INFO">Clicking button 'xpath=//*[@id="idSIButton9"]'.</msg>
<status status="PASS" starttime="20230712 18:07:31.890" endtime="20230712 18:07:31.961"/>
</kw>
<status status="PASS" starttime="20230712 18:07:31.890" endtime="20230712 18:07:31.961"/>
</kw>
<kw name="ใส่Password">
<kw name="Wait Until Element Is Visible" library="SeleniumLibrary">
<arg>//*[@id="i0118"]</arg>
<doc>Waits until the element ``locator`` is visible.</doc>
<status status="PASS" starttime="20230712 18:07:31.962" endtime="20230712 18:07:32.674"/>
</kw>
<kw name="Input Password" library="SeleniumLibrary">
<arg>//*[@id="i0118"]</arg>
<arg>S1tt1d3tlm78</arg>
<doc>Types the given password into the text field identified by ``locator``.</doc>
<msg timestamp="20230712 18:07:32.675" level="INFO">Typing password into text field '//*[@id="i0118"]'.</msg>
<msg timestamp="20230712 18:07:32.701" level="INFO">Temporally setting log level to: NONE</msg>
<msg timestamp="20230712 18:07:32.726" level="INFO">Log level changed from NONE to INFO.</msg>
<status status="PASS" starttime="20230712 18:07:32.674" endtime="20230712 18:07:32.726"/>
</kw>
<status status="PASS" starttime="20230712 18:07:31.961" endtime="20230712 18:07:32.726"/>
</kw>
<kw name="ClickSignin">
<kw name="Click Button" library="SeleniumLibrary">
<arg>xpath=${clickSignin}</arg>
<doc>Clicks the button identified by ``locator``.</doc>
<msg timestamp="20230712 18:07:32.727" level="INFO">Clicking button 'xpath=//*[@id="idSIButton9"]'.</msg>
<status status="PASS" starttime="20230712 18:07:32.727" endtime="20230712 18:07:33.261"/>
</kw>
<kw name="Sleep" library="BuiltIn">
<arg>3s</arg>
<doc>Pauses the test executed for the given time.</doc>
<msg timestamp="20230712 18:07:36.262" level="INFO">Slept 3 seconds</msg>
<status status="PASS" starttime="20230712 18:07:33.261" endtime="20230712 18:07:36.262"/>
</kw>
<status status="PASS" starttime="20230712 18:07:32.727" endtime="20230712 18:07:36.262"/>
</kw>
<status status="PASS" starttime="20230712 18:07:26.804" endtime="20230712 18:07:36.263"/>
</test>
<status status="PASS" starttime="20230712 18:07:26.672" endtime="20230712 18:07:36.265"/>
</suite>
<statistics>
<total>
<stat pass="1" fail="0" skip="0">All Tests</stat>
</total>
<tag>
</tag>
<suite>
<stat pass="1" fail="0" skip="0" id="s1" name="Demo-Su">Demo-Su</stat>
</suite>
</statistics>
<errors>
</errors>
</robot>
